#
# A fatal error has been detected by the Java Runtime Environment:
#
#  EXCEPTION_ACCESS_VIOLATION (0xc0000005) at pc=0x00007fff99276ab7, pid=4956, tid=19864
#
# JRE version: OpenJDK Runtime Environment (20.0.1+9) (build 20.0.1+9-29)
# Java VM: OpenJDK 64-Bit Server VM (20.0.1+9-29, mixed mode, sharing, tiered, compressed oops, compressed class ptrs, g1 gc, windows-amd64)
# Problematic frame:
# C  [glass.dll+0x26ab7]
#
# No core dump will be written. Minidumps are not enabled by default on client versions of Windows
#
# If you would like to submit a bug report, please visit:
#   https://bugreport.java.com/bugreport/crash.jsp
#

---------------  S U M M A R Y ------------

Command Line: -javaagent:C:\Program Files\JetBrains\IntelliJ IDEA Community Edition 2022.2.3\lib\idea_rt.jar=52887:C:\Program Files\JetBrains\IntelliJ IDEA Community Edition 2022.2.3\bin -Dfile.encoding=UTF-8 -Dsun.stdout.encoding=UTF-8 -Dsun.stderr.encoding=UTF-8 --module-path=C:\Users\Admin\.m2\repository\org\openjfx\javafx-fxml\17.0.2\javafx-fxml-17.0.2-win.jar;C:\Users\Admin\.m2\repository\org\openjfx\javafx-graphics\17.0.2\javafx-graphics-17.0.2-win.jar;C:\Users\Admin\.m2\repository\org\controlsfx\controlsfx\11.1.1\controlsfx-11.1.1.jar;C:\Users\Admin\.m2\repository\org\kordamp\bootstrapfx\bootstrapfx-core\0.4.0\bootstrapfx-core-0.4.0.jar;C:\Users\Admin\.m2\repository\org\openjfx\javafx-controls\17.0.2\javafx-controls-17.0.2-win.jar;C:\Projects\Adzennik\target\classes;C:\Users\Admin\.m2\repository\com\dlsc\formsfx\formsfx-core\11.5.0\formsfx-core-11.5.0.jar;C:\Users\Admin\.m2\repository\org\openjfx\javafx-base\17.0.2\javafx-base-17.0.2-win.jar -Djdk.module.main=start.adzennik start.adzennik/start.adzennik.HelloApplication

Host: Intel(R) Core(TM) i5-10210U CPU @ 1.60GHz, 8 cores, 7G,  Windows 10 , 64 bit Build 19041 (10.0.19041.3636)
Time: Mon Dec 18 17:42:54 2023 RTZ 2 (s 10 , 64 bit Build 19041 (10.0.19041.3636) elapsed time: 174.469603 seconds (0d 0h 2m 54s)

---------------  T H R E A D  ---------------

Current thread (0x00000127b3602b10):  VMThread "VM Thread" [stack: 0x0000000552a00000,0x0000000552b00000] [id=19864]

Stack: [0x0000000552a00000,0x0000000552b00000],  sp=0x0000000552aff050,  free space=1020k
Native frames: (J=compiled Java code, j=interpreted, Vv=VM code, C=native code)
C  [glass.dll+0x26ab7]


siginfo: EXCEPTION_ACCESS_VIOLATION (0xc0000005), reading address 0x0000000000000000


Registers:
RAX=0x0000000000000000, RBX=0x00000127b360b2e8, RCX=0x00000127b3602b10, RDX=0x0000000552aff050
RSP=0x0000000552aff050, RBP=0x00000127b847cb28, RSI=0x00000127b847cb00, RDI=0x0000247f8834e043
R8 =0x0000000000010002, R9 =0x0000247f8834e043, R10=0x0000000000008000, R11=0x0000000552afefe0
R12=0x00007fff99274384, R13=0x00007fff36d8ea90, R14=0x0000000552aff148, R15=0x00000127b847cb00
RIP=0x00007fff99276ab7, EFLAGS=0x0000000000010206


Register to memory mapping:

RIP=0x00007fff99276ab7 glass.dll
RAX=0x0 is NULL
RBX=0x00000127b360b2e8 is a global jni handle
RCX=0x00000127b3602b10 points into unknown readable memory: 0x00007fff36bb7080 | 80 70 bb 36 ff 7f 00 00
RDX=0x0000000552aff050 points into unknown readable memory: 0x0000000000000000 | 00 00 00 00 00 00 00 00
RSP=0x0000000552aff050 points into unknown readable memory: 0x0000000000000000 | 00 00 00 00 00 00 00 00
RBP=0x00000127b847cb28 points into unknown readable memory: 0x0000247f8834e043 | 43 e0 34 88 7f 24 00 00
RSI=0x00000127b847cb00 points into unknown readable memory: 0x0003db83410d14a3 | a3 14 0d 41 83 db 03 00
RDI=0x0000247f8834e043 is an unknown value
R8 =0x0000000000010002 is an unknown value
R9 =0x0000247f8834e043 is an unknown value
R10=0x0000000000008000 is an unknown value
R11=0x0000000552afefe0 points into unknown readable memory: 0x00000127b847cb00 | 00 cb 47 b8 27 01 00 00
R12=0x00007fff99274384 glass.dll
R13=0x00007fff36d8ea90 jvm.dll
R14=0x0000000552aff148 points into unknown readable memory: 0x0000000552aff130 | 30 f1 af 52 05 00 00 00
R15=0x00000127b847cb00 points into unknown readable memory: 0x0003db83410d14a3 | a3 14 0d 41 83 db 03 00


Top of Stack: (sp=0x0000000552aff050)
0x0000000552aff050:   0000000000000000 00000127b847cb00
0x0000000552aff060:   00007fff36d8ea90 00007fff99274384
0x0000000552aff070:   00000127b847cb08 00007fffb2b942d6
0x0000000552aff080:   0000247f8834e043 0000012700000000
0x0000000552aff090:   00000127b847cb28 00000127b847cb00
0x0000000552aff0a0:   fffffffffffffffe 0000000000000000
0x0000000552aff0b0:   0000000000000001 00007fff99250000
0x0000000552aff0c0:   0000000552aff138 00007fffb2b941fb
0x0000000552aff0d0:   0000000000000000 0000000552aff148
0x0000000552aff0e0:   0000000552aff420 00007fffb2c70e40
0x0000000552aff0f0:   0000000000000001 00007fffb2b941b4
0x0000000552aff100:   0000000000000000 0000000000000001
0x0000000552aff110:   00007fff00000001 0000000552aff138
0x0000000552aff120:   0000000000000000 00007fff99274211
0x0000000552aff130:   00007fff9928a138 00007fff00000002
0x0000000552aff140:   0000000000000002 0000000552aff130
0x0000000552aff150:   0000000000000000 00007fffb5149993
0x0000000552aff160:   0000000000000000 00007fff99274336
0x0000000552aff170:   0000000000000001 0000000000000000
0x0000000552aff180:   0000000000000060 00007fffb2c70e40
0x0000000552aff190:   00007fffa0e15c60 0000000000000000
0x0000000552aff1a0:   0000000000000001 00007fffa109a760
0x0000000552aff1b0:   00007fff99250000 000000007ffe0384
0x0000000552aff1c0:   0000000000000000 00007fffb5149a1d
0x0000000552aff1d0:   00007fff99250000 0000000000000000
0x0000000552aff1e0:   0000000000000001 000000007ffe0385
0x0000000552aff1f0:   0000000000000000 00007fffb518de41
0x0000000552aff200:   00007ba41b3ea700 0000000000000014
0x0000000552aff210:   00007fff99274384 0000000000000000
0x0000000552aff220:   0000000000000000 0000000551f6e000
0x0000000552aff230:   00000127b8ec2110 00007fffb518dcda
0x0000000552aff240:   00000127b8ec0f20 00007fff99250000 

Instructions: (pc=0x00007fff99276ab7)
0x00007fff992769b7:   8b 4d 58 e8 01 cf ff ff 48 8b 4d 60 e8 f8 ce ff
0x00007fff992769c7:   ff 48 8b 95 80 00 00 00 48 8b 8d 18 01 00 00 e8
0x00007fff992769d7:   c6 c3 ff ff 33 d2 33 c9 e8 3c e1 ff ff 90 48 89
0x00007fff992769e7:   54 24 10 55 48 83 ec 20 48 8b ea 48 b8 00 00 00
0x00007fff992769f7:   00 00 00 00 00 48 83 c4 20 5d c3 cc 40 55 48 8b
0x00007fff99276a07:   ea 48 8b 01 33 c9 81 38 05 00 00 c0 0f 94 c1 8b
0x00007fff99276a17:   c1 5d c3 cc 40 55 48 83 ec 20 48 8b ea 8a 4d 40
0x00007fff99276a27:   48 83 c4 20 5d e9 f7 d2 ff ff cc 40 55 48 83 ec
0x00007fff99276a37:   20 48 8b ea 8a 4d 20 e8 e5 d2 ff ff 90 48 83 c4
0x00007fff99276a47:   20 5d c3 cc 40 55 48 83 ec 20 48 8b ea 48 83 c4
0x00007fff99276a57:   20 5d e9 46 d1 ff ff cc 40 55 48 83 ec 30 48 8b
0x00007fff99276a67:   ea 48 8b 01 8b 10 48 89 4c 24 28 89 54 24 20 4c
0x00007fff99276a77:   8d 0d e7 d5 ff ff 4c 8b 45 70 8b 55 68 48 8b 4d
0x00007fff99276a87:   60 e8 87 d0 ff ff 90 48 83 c4 30 5d c3 cc cc cc
0x00007fff99276a97:   cc cc cc cc cc cc cc cc cc 40 53 48 83 ec 20 48
0x00007fff99276aa7:   8b 1d 83 30 01 00 48 85 db 74 16 e8 09 8b ff ff
0x00007fff99276ab7:   4c 8b 00 48 8b d3 48 8b c8 41 ff 90 b0 00 00 00
0x00007fff99276ac7:   90 48 83 c4 20 5b c3 cc cc 40 53 48 83 ec 20 48
0x00007fff99276ad7:   8b 1d fb 31 01 00 48 85 db 74 57 b8 ff ff ff ff
0x00007fff99276ae7:   f0 0f c1 43 10 83 f8 01 75 3d 48 85 db 74 38 48
0x00007fff99276af7:   8b 0b 48 85 c9 74 0d ff 15 a4 07 00 00 48 c7 03
0x00007fff99276b07:   00 00 00 00 48 8b 4b 08 48 85 c9 74 0d e8 a7 cd
0x00007fff99276b17:   ff ff 48 c7 43 08 00 00 00 00 ba 18 00 00 00 48
0x00007fff99276b27:   8b cb e8 92 cd ff ff 48 c7 05 9f 31 01 00 00 00
0x00007fff99276b37:   00 00 48 83 c4 20 5b c3 cc 40 53 48 83 ec 20 48
0x00007fff99276b47:   8b 1d 6b 31 01 00 48 85 db 74 57 b8 ff ff ff ff
0x00007fff99276b57:   f0 0f c1 43 10 83 f8 01 75 3d 48 85 db 74 38 48
0x00007fff99276b67:   8b 0b 48 85 c9 74 0d ff 15 34 07 00 00 48 c7 03
0x00007fff99276b77:   00 00 00 00 48 8b 4b 08 48 85 c9 74 0d e8 37 cd
0x00007fff99276b87:   ff ff 48 c7 43 08 00 00 00 00 ba 18 00 00 00 48
0x00007fff99276b97:   8b cb e8 22 cd ff ff 48 c7 05 0f 31 01 00 00 00
0x00007fff99276ba7:   00 00 48 83 c4 20 5b c3 cc 40 53 48 83 ec 20 48 


Stack slot to memory mapping:
stack at sp + 0 slots: 0x0 is NULL
stack at sp + 1 slots: 0x00000127b847cb00 points into unknown readable memory: 0x0003db83410d14a3 | a3 14 0d 41 83 db 03 00
stack at sp + 2 slots: 0x00007fff36d8ea90 jvm.dll
stack at sp + 3 slots: 0x00007fff99274384 glass.dll
stack at sp + 4 slots: 0x00000127b847cb08 points into unknown readable memory: 0x0000247f8834e043 | 43 e0 34 88 7f 24 00 00
stack at sp + 5 slots: 0x00007fffb2b942d6 ucrtbase.dll
stack at sp + 6 slots: 0x0000247f8834e043 is an unknown value
stack at sp + 7 slots: 0x0000012700000000 is an unknown value

VM_Operation (0x00000005521fef40): Exit, mode: safepoint, requested by thread 0x00000127b90bdc00


---------------  P R O C E S S  ---------------

Threads class SMR info:
_java_thread_list=0x00000127be131fc0, length=19, elements={
0x0000012794d3ec60, 0x00000127b36211a0, 0x00000127b3621ce0, 0x00000127b3628450,
0x00000127b362d550, 0x00000127b3633140, 0x00000127b363ca30, 0x00000127b363db50,
0x00000127b3632bf0, 0x00000127b3634bd0, 0x00000127b3634130, 0x00000127b3633690,
0x00000127b3635670, 0x00000127b3634680, 0x00000127b90bac30, 0x00000127b90bcc10,
0x00000127b90ba6e0, 0x00000127b90bd6b0, 0x00000127b90bdc00
}

Java Threads: ( => current thread )
  0x0000012794d3ec60 JavaThread "main" [_thread_blocked, id=15796, stack(0x0000000552400000,0x0000000552500000)]
  0x00000127b36211a0 JavaThread "Reference Handler" daemon [_thread_blocked, id=13804, stack(0x0000000552b00000,0x0000000552c00000)]
  0x00000127b3621ce0 JavaThread "Finalizer" daemon [_thread_blocked, id=5092, stack(0x0000000552c00000,0x0000000552d00000)]
  0x00000127b3628450 JavaThread "Attach Listener" daemon [_thread_blocked, id=15220, stack(0x0000000552e00000,0x0000000552f00000)]
  0x00000127b362d550 JavaThread "Service Thread" daemon [_thread_blocked, id=19652, stack(0x0000000552f00000,0x0000000553000000)]
  0x00000127b3633140 JavaThread "Monitor Deflation Thread" daemon [_thread_blocked, id=12040, stack(0x0000000553000000,0x0000000553100000)]
  0x00000127b363ca30 JavaThread "C2 CompilerThread0" daemon [_thread_blocked, id=18348, stack(0x0000000553100000,0x0000000553200000)]
  0x00000127b363db50 JavaThread "C1 CompilerThread0" daemon [_thread_blocked, id=16732, stack(0x0000000553200000,0x0000000553300000)]
  0x00000127b3632bf0 JavaThread "Common-Cleaner" daemon [_thread_blocked, id=15076, stack(0x0000000553300000,0x0000000553400000)]
  0x00000127b3634bd0 JavaThread "Monitor Ctrl-Break" daemon [_thread_in_native, id=20972, stack(0x0000000553600000,0x0000000553700000)]
  0x00000127b3634130 JavaThread "Notification Thread" daemon [_thread_blocked, id=15548, stack(0x0000000553700000,0x0000000553800000)]
  0x00000127b3633690 JavaThread "QuantumRenderer-0" daemon [_thread_blocked, id=13396, stack(0x0000000553900000,0x0000000553a00000)]
  0x00000127b3635670 JavaThread "InvokeLaterDispatcher" daemon [_thread_blocked, id=18880, stack(0x0000000553a00000,0x0000000553b00000)]
  0x00000127b3634680 JavaThread "JavaFX Application Thread" [_thread_in_native, id=8976, stack(0x0000000553b00000,0x0000000553c00000)]
  0x00000127b90bac30 JavaThread "JavaFX-Launcher" [_thread_blocked, id=4368, stack(0x0000000554000000,0x0000000554100000)]
  0x00000127b90bcc10 JavaThread "Thread-2" daemon [_thread_in_native, id=12500, stack(0x0000000553f00000,0x0000000554000000)]
  0x00000127b90ba6e0 JavaThread "Prism Font Disposer" daemon [_thread_blocked, id=1152, stack(0x0000000554900000,0x0000000554a00000)]
  0x00000127b90bd6b0 JavaThread "Cleaner-0" daemon [_thread_blocked, id=13672, stack(0x0000000553400000,0x0000000553500000)]
  0x00000127b90bdc00 JavaThread "SIGINT handler" daemon [_thread_blocked, id=620, stack(0x0000000552100000,0x0000000552200000)]

Other Threads:
=>0x00000127b3602b10 VMThread "VM Thread" [stack: 0x0000000552a00000,0x0000000552b00000] [id=19864]
  0x0000012794d9e1d0 WorkerThread "GC Thread#0" [stack: 0x0000000552500000,0x0000000552600000] [id=3568]
  0x00000127b8bbd3a0 WorkerThread "GC Thread#1" [stack: 0x0000000554100000,0x0000000554200000] [id=11092]
  0x00000127b8bbdc10 WorkerThread "GC Thread#2" [stack: 0x0000000554200000,0x0000000554300000] [id=12668]
  0x00000127b8bbdee0 WorkerThread "GC Thread#3" [stack: 0x0000000554300000,0x0000000554400000] [id=14152]
  0x00000127b8bbe1b0 WorkerThread "GC Thread#4" [stack: 0x0000000554400000,0x0000000554500000] [id=5256]
  0x00000127b8d37150 WorkerThread "GC Thread#5" [stack: 0x0000000554500000,0x0000000554600000] [id=19828]
  0x00000127b8d379c0 WorkerThread "GC Thread#6" [stack: 0x0000000553500000,0x0000000553600000] [id=11388]
  0x00000127b8d39310 WorkerThread "GC Thread#7" [stack: 0x0000000554a00000,0x0000000554b00000] [id=18268]
  0x0000012794dafa80 ConcurrentGCThread "G1 Main Marker" terminated
  0x0000012794db0560 WorkerThread "G1 Conc#0" [stack: 0x0000000552700000,0x0000000552800000] [id=21424]
  0x0000012794e0e7e0 ConcurrentGCThread "G1 Refine#0" terminated
  0x00000127b34c65f0 ConcurrentGCThread "G1 Service" terminated

Threads with active compile tasks:
C1 CompilerThread0   174625 4763       3       java.lang.invoke.InnerClassLambdaMetafactory::<init> (258 bytes)

VM state: at safepoint (shutting down)

VM Mutex/Monitor currently owned by a thread:  ([mutex/lock_event])
[0x0000012794d380b0] Threads_lock - owner thread: 0x00000127b3602b10
[0x0000012794d37450] Heap_lock - owner thread: 0x00000127b90bdc00

Heap address: 0x0000000082c00000, size: 2004 MB, Compressed Oops mode: 32-bit

CDS archive(s) mapped at: [0x0000000800000000-0x0000000800c60000-0x0000000800c60000), size 12976128, SharedBaseAddress: 0x0000000800000000, ArchiveRelocationMode: 0.
Compressed class space mapped at: 0x0000000801000000-0x0000000841000000, reserved size: 1073741824
Narrow klass base: 0x0000000800000000, Narrow klass shift: 0, Narrow klass range: 0x100000000

GC Precious Log:
 CardTable entry size: 512
 Card Set container configuration: InlinePtr #cards 5 size 8 Array Of Cards #cards 12 size 40 Howl #buckets 4 coarsen threshold 1843 Howl Bitmap #cards 512 size 80 coarsen threshold 460 Card regions per heap region 1 cards per card region 2048
 CPUs: 8 total, 8 available
 Memory: 8014M
 Large Page Support: Disabled
 NUMA Support: Disabled
 Compressed Oops: Enabled (32-bit)
 Heap Region Size: 1M
 Heap Min Capacity: 8M
 Heap Initial Capacity: 126M
 Heap Max Capacity: 2004M
 Pre-touch: Disabled
 Parallel Workers: 8
 Concurrent Workers: 2
 Concurrent Refinement Workers: 8
 Periodic GC: Disabled

Heap:
 garbage-first heap   total 129024K, used 59811K [0x0000000082c00000, 0x0000000100000000)
  region size 1024K, 45 young (46080K), 5 survivors (5120K)
 Metaspace       used 16927K, committed 17216K, reserved 1114112K
  class space    used 2048K, committed 2176K, reserved 1048576K

Heap Regions: E=young(eden), S=young(survivor), O=old, HS=humongous(starts), HC=humongous(continues), CS=collection set, F=free, OA=open archive, CA=closed archive, TAMS=top-at-mark-start, PB=parsable bottom
|   0|0x0000000082c00000, 0x0000000082d00000, 0x0000000082d00000|100%|HS|  |TAMS 0x0000000082c00000| PB 0x0000000082c00000| Complete 
|   1|0x0000000082d00000, 0x0000000082e00000, 0x0000000082e00000|100%|HC|  |TAMS 0x0000000082d00000| PB 0x0000000082d00000| Complete 
|   2|0x0000000082e00000, 0x0000000082f00000, 0x0000000082f00000|100%|HC|  |TAMS 0x0000000082e00000| PB 0x0000000082e00000| Complete 
|   3|0x0000000082f00000, 0x0000000083000000, 0x0000000083000000|100%|HC|  |TAMS 0x0000000082f00000| PB 0x0000000082f00000| Complete 
|   4|0x0000000083000000, 0x0000000083100000, 0x0000000083100000|100%| O|  |TAMS 0x0000000083000000| PB 0x0000000083000000| Untracked 
|   5|0x0000000083100000, 0x0000000083200000, 0x0000000083200000|100%| O|  |TAMS 0x0000000083100000| PB 0x0000000083100000| Untracked 
|   6|0x0000000083200000, 0x0000000083300000, 0x0000000083300000|100%| O|  |TAMS 0x0000000083200000| PB 0x0000000083200000| Untracked 
|   7|0x0000000083300000, 0x0000000083400000, 0x0000000083400000|100%| O|  |TAMS 0x0000000083300000| PB 0x0000000083300000| Untracked 
|   8|0x0000000083400000, 0x0000000083468e00, 0x0000000083500000| 40%| O|  |TAMS 0x0000000083400000| PB 0x0000000083400000| Untracked 
|   9|0x0000000083500000, 0x0000000083600000, 0x0000000083600000|100%|HS|  |TAMS 0x0000000083500000| PB 0x0000000083500000| Complete 
|  10|0x0000000083600000, 0x0000000083700000, 0x0000000083700000|100%|HC|  |TAMS 0x0000000083600000| PB 0x0000000083600000| Complete 
|  11|0x0000000083700000, 0x0000000083800000, 0x0000000083800000|100%|HS|  |TAMS 0x0000000083700000| PB 0x0000000083700000| Complete 
|  12|0x0000000083800000, 0x0000000083900000, 0x0000000083900000|100%|HC|  |TAMS 0x0000000083800000| PB 0x0000000083800000| Complete 
|  13|0x0000000083900000, 0x0000000083a00000, 0x0000000083a00000|100%|HC|  |TAMS 0x0000000083900000| PB 0x0000000083900000| Complete 
|  14|0x0000000083a00000, 0x0000000083b00000, 0x0000000083b00000|100%|HC|  |TAMS 0x0000000083a00000| PB 0x0000000083a00000| Complete 
|  15|0x0000000083b00000, 0x0000000083b00000, 0x0000000083c00000|  0%| F|  |TAMS 0x0000000083b00000| PB 0x0000000083b00000| Untracked 
|  16|0x0000000083c00000, 0x0000000083c00000, 0x0000000083d00000|  0%| F|  |TAMS 0x0000000083c00000| PB 0x0000000083c00000| Untracked 
|  17|0x0000000083d00000, 0x0000000083d00000, 0x0000000083e00000|  0%| F|  |TAMS 0x0000000083d00000| PB 0x0000000083d00000| Untracked 
|  18|0x0000000083e00000, 0x0000000083e00000, 0x0000000083f00000|  0%| F|  |TAMS 0x0000000083e00000| PB 0x0000000083e00000| Untracked 
|  19|0x0000000083f00000, 0x0000000083f00000, 0x0000000084000000|  0%| F|  |TAMS 0x0000000083f00000| PB 0x0000000083f00000| Untracked 
|  20|0x0000000084000000, 0x0000000084000000, 0x0000000084100000|  0%| F|  |TAMS 0x0000000084000000| PB 0x0000000084000000| Untracked 
|  21|0x0000000084100000, 0x0000000084100000, 0x0000000084200000|  0%| F|  |TAMS 0x0000000084100000| PB 0x0000000084100000| Untracked 
|  22|0x0000000084200000, 0x0000000084200000, 0x0000000084300000|  0%| F|  |TAMS 0x0000000084200000| PB 0x0000000084200000| Untracked 
|  23|0x0000000084300000, 0x0000000084300000, 0x0000000084400000|  0%| F|  |TAMS 0x0000000084300000| PB 0x0000000084300000| Untracked 
|  24|0x0000000084400000, 0x0000000084400000, 0x0000000084500000|  0%| F|  |TAMS 0x0000000084400000| PB 0x0000000084400000| Untracked 
|  25|0x0000000084500000, 0x0000000084500000, 0x0000000084600000|  0%| F|  |TAMS 0x0000000084500000| PB 0x0000000084500000| Untracked 
|  26|0x0000000084600000, 0x0000000084600000, 0x0000000084700000|  0%| F|  |TAMS 0x0000000084600000| PB 0x0000000084600000| Untracked 
|  27|0x0000000084700000, 0x0000000084700000, 0x0000000084800000|  0%| F|  |TAMS 0x0000000084700000| PB 0x0000000084700000| Untracked 
|  28|0x0000000084800000, 0x0000000084800000, 0x0000000084900000|  0%| F|  |TAMS 0x0000000084800000| PB 0x0000000084800000| Untracked 
|  29|0x0000000084900000, 0x0000000084900000, 0x0000000084a00000|  0%| F|  |TAMS 0x0000000084900000| PB 0x0000000084900000| Untracked 
|  30|0x0000000084a00000, 0x0000000084a00000, 0x0000000084b00000|  0%| F|  |TAMS 0x0000000084a00000| PB 0x0000000084a00000| Untracked 
|  31|0x0000000084b00000, 0x0000000084b00000, 0x0000000084c00000|  0%| F|  |TAMS 0x0000000084b00000| PB 0x0000000084b00000| Untracked 
|  32|0x0000000084c00000, 0x0000000084c00000, 0x0000000084d00000|  0%| F|  |TAMS 0x0000000084c00000| PB 0x0000000084c00000| Untracked 
|  33|0x0000000084d00000, 0x0000000084d00000, 0x0000000084e00000|  0%| F|  |TAMS 0x0000000084d00000| PB 0x0000000084d00000| Untracked 
|  34|0x0000000084e00000, 0x0000000084e00000, 0x0000000084f00000|  0%| F|  |TAMS 0x0000000084e00000| PB 0x0000000084e00000| Untracked 
|  35|0x0000000084f00000, 0x0000000084f00000, 0x0000000085000000|  0%| F|  |TAMS 0x0000000084f00000| PB 0x0000000084f00000| Untracked 
|  36|0x0000000085000000, 0x0000000085000000, 0x0000000085100000|  0%| F|  |TAMS 0x0000000085000000| PB 0x0000000085000000| Untracked 
|  37|0x0000000085100000, 0x0000000085100000, 0x0000000085200000|  0%| F|  |TAMS 0x0000000085100000| PB 0x0000000085100000| Untracked 
|  38|0x0000000085200000, 0x0000000085200000, 0x0000000085300000|  0%| F|  |TAMS 0x0000000085200000| PB 0x0000000085200000| Untracked 
|  39|0x0000000085300000, 0x0000000085300000, 0x0000000085400000|  0%| F|  |TAMS 0x0000000085300000| PB 0x0000000085300000| Untracked 
|  40|0x0000000085400000, 0x0000000085400000, 0x0000000085500000|  0%| F|  |TAMS 0x0000000085400000| PB 0x0000000085400000| Untracked 
|  41|0x0000000085500000, 0x0000000085500000, 0x0000000085600000|  0%| F|  |TAMS 0x0000000085500000| PB 0x0000000085500000| Untracked 
|  42|0x0000000085600000, 0x0000000085600000, 0x0000000085700000|  0%| F|  |TAMS 0x0000000085600000| PB 0x0000000085600000| Untracked 
|  43|0x0000000085700000, 0x0000000085700000, 0x0000000085800000|  0%| F|  |TAMS 0x0000000085700000| PB 0x0000000085700000| Untracked 
|  44|0x0000000085800000, 0x0000000085800000, 0x0000000085900000|  0%| F|  |TAMS 0x0000000085800000| PB 0x0000000085800000| Untracked 
|  45|0x0000000085900000, 0x0000000085900000, 0x0000000085a00000|  0%| F|  |TAMS 0x0000000085900000| PB 0x0000000085900000| Untracked 
|  46|0x0000000085a00000, 0x0000000085a00000, 0x0000000085b00000|  0%| F|  |TAMS 0x0000000085a00000| PB 0x0000000085a00000| Untracked 
|  47|0x0000000085b00000, 0x0000000085b00000, 0x0000000085c00000|  0%| F|  |TAMS 0x0000000085b00000| PB 0x0000000085b00000| Untracked 
|  48|0x0000000085c00000, 0x0000000085c00000, 0x0000000085d00000|  0%| F|  |TAMS 0x0000000085c00000| PB 0x0000000085c00000| Untracked 
|  49|0x0000000085d00000, 0x0000000085d00000, 0x0000000085e00000|  0%| F|  |TAMS 0x0000000085d00000| PB 0x0000000085d00000| Untracked 
|  50|0x0000000085e00000, 0x0000000085e00000, 0x0000000085f00000|  0%| F|  |TAMS 0x0000000085e00000| PB 0x0000000085e00000| Untracked 
|  51|0x0000000085f00000, 0x0000000085f00000, 0x0000000086000000|  0%| F|  |TAMS 0x0000000085f00000| PB 0x0000000085f00000| Untracked 
|  52|0x0000000086000000, 0x0000000086000000, 0x0000000086100000|  0%| F|  |TAMS 0x0000000086000000| PB 0x0000000086000000| Untracked 
|  53|0x0000000086100000, 0x0000000086100000, 0x0000000086200000|  0%| F|  |TAMS 0x0000000086100000| PB 0x0000000086100000| Untracked 
|  54|0x0000000086200000, 0x0000000086200000, 0x0000000086300000|  0%| F|  |TAMS 0x0000000086200000| PB 0x0000000086200000| Untracked 
|  55|0x0000000086300000, 0x0000000086300000, 0x0000000086400000|  0%| F|  |TAMS 0x0000000086300000| PB 0x0000000086300000| Untracked 
|  56|0x0000000086400000, 0x0000000086400000, 0x0000000086500000|  0%| F|  |TAMS 0x0000000086400000| PB 0x0000000086400000| Untracked 
|  57|0x0000000086500000, 0x0000000086500000, 0x0000000086600000|  0%| F|  |TAMS 0x0000000086500000| PB 0x0000000086500000| Untracked 
|  58|0x0000000086600000, 0x0000000086600000, 0x0000000086700000|  0%| F|  |TAMS 0x0000000086600000| PB 0x0000000086600000| Untracked 
|  59|0x0000000086700000, 0x0000000086700000, 0x0000000086800000|  0%| F|  |TAMS 0x0000000086700000| PB 0x0000000086700000| Untracked 
|  60|0x0000000086800000, 0x0000000086800000, 0x0000000086900000|  0%| F|  |TAMS 0x0000000086800000| PB 0x0000000086800000| Untracked 
|  61|0x0000000086900000, 0x0000000086900000, 0x0000000086a00000|  0%| F|  |TAMS 0x0000000086900000| PB 0x0000000086900000| Untracked 
|  62|0x0000000086a00000, 0x0000000086a00000, 0x0000000086b00000|  0%| F|  |TAMS 0x0000000086a00000| PB 0x0000000086a00000| Untracked 
|  63|0x0000000086b00000, 0x0000000086b00000, 0x0000000086c00000|  0%| F|  |TAMS 0x0000000086b00000| PB 0x0000000086b00000| Untracked 
|  64|0x0000000086c00000, 0x0000000086c00000, 0x0000000086d00000|  0%| F|  |TAMS 0x0000000086c00000| PB 0x0000000086c00000| Untracked 
|  65|0x0000000086d00000, 0x0000000086d00000, 0x0000000086e00000|  0%| F|  |TAMS 0x0000000086d00000| PB 0x0000000086d00000| Untracked 
|  66|0x0000000086e00000, 0x0000000086e00000, 0x0000000086f00000|  0%| F|  |TAMS 0x0000000086e00000| PB 0x0000000086e00000| Untracked 
|  67|0x0000000086f00000, 0x0000000086f00000, 0x0000000087000000|  0%| F|  |TAMS 0x0000000086f00000| PB 0x0000000086f00000| Untracked 
|  68|0x0000000087000000, 0x0000000087000000, 0x0000000087100000|  0%| F|  |TAMS 0x0000000087000000| PB 0x0000000087000000| Untracked 
|  69|0x0000000087100000, 0x0000000087100000, 0x0000000087200000|  0%| F|  |TAMS 0x0000000087100000| PB 0x0000000087100000| Untracked 
|  70|0x0000000087200000, 0x0000000087200000, 0x0000000087300000|  0%| F|  |TAMS 0x0000000087200000| PB 0x0000000087200000| Untracked 
|  71|0x0000000087300000, 0x0000000087300000, 0x0000000087400000|  0%| F|  |TAMS 0x0000000087300000| PB 0x0000000087300000| Untracked 
|  72|0x0000000087400000, 0x0000000087400000, 0x0000000087500000|  0%| F|  |TAMS 0x0000000087400000| PB 0x0000000087400000| Untracked 
|  73|0x0000000087500000, 0x0000000087500000, 0x0000000087600000|  0%| F|  |TAMS 0x0000000087500000| PB 0x0000000087500000| Untracked 
|  74|0x0000000087600000, 0x0000000087600000, 0x0000000087700000|  0%| F|  |TAMS 0x0000000087600000| PB 0x0000000087600000| Untracked 
|  75|0x0000000087700000, 0x0000000087700000, 0x0000000087800000|  0%| F|  |TAMS 0x0000000087700000| PB 0x0000000087700000| Untracked 
|  76|0x0000000087800000, 0x0000000087800000, 0x0000000087900000|  0%| F|  |TAMS 0x0000000087800000| PB 0x0000000087800000| Untracked 
|  77|0x0000000087900000, 0x0000000087900000, 0x0000000087a00000|  0%| F|  |TAMS 0x0000000087900000| PB 0x0000000087900000| Untracked 
|  78|0x0000000087a00000, 0x0000000087a00000, 0x0000000087b00000|  0%| F|  |TAMS 0x0000000087a00000| PB 0x0000000087a00000| Untracked 
|  79|0x0000000087b00000, 0x0000000087b00000, 0x0000000087c00000|  0%| F|  |TAMS 0x0000000087b00000| PB 0x0000000087b00000| Untracked 
|  80|0x0000000087c00000, 0x0000000087c00000, 0x0000000087d00000|  0%| F|  |TAMS 0x0000000087c00000| PB 0x0000000087c00000| Untracked 
|  81|0x0000000087d00000, 0x0000000087d4b200, 0x0000000087e00000| 29%| E|  |TAMS 0x0000000087d00000| PB 0x0000000087d00000| Complete 
|  82|0x0000000087e00000, 0x0000000087f00000, 0x0000000087f00000|100%| E|CS|TAMS 0x0000000087e00000| PB 0x0000000087e00000| Complete 
|  83|0x0000000087f00000, 0x0000000088000000, 0x0000000088000000|100%| E|CS|TAMS 0x0000000087f00000| PB 0x0000000087f00000| Complete 
|  84|0x0000000088000000, 0x0000000088100000, 0x0000000088100000|100%| S|CS|TAMS 0x0000000088000000| PB 0x0000000088000000| Complete 
|  85|0x0000000088100000, 0x0000000088200000, 0x0000000088200000|100%| S|CS|TAMS 0x0000000088100000| PB 0x0000000088100000| Complete 
|  86|0x0000000088200000, 0x0000000088300000, 0x0000000088300000|100%| S|CS|TAMS 0x0000000088200000| PB 0x0000000088200000| Complete 
|  87|0x0000000088300000, 0x0000000088400000, 0x0000000088400000|100%| S|CS|TAMS 0x0000000088300000| PB 0x0000000088300000| Complete 
|  88|0x0000000088400000, 0x0000000088500000, 0x0000000088500000|100%| S|CS|TAMS 0x0000000088400000| PB 0x0000000088400000| Complete 
|  89|0x0000000088500000, 0x0000000088600000, 0x0000000088600000|100%| E|CS|TAMS 0x0000000088500000| PB 0x0000000088500000| Complete 
|  90|0x0000000088600000, 0x0000000088700000, 0x0000000088700000|100%| E|CS|TAMS 0x0000000088600000| PB 0x0000000088600000| Complete 
|  91|0x0000000088700000, 0x0000000088800000, 0x0000000088800000|100%| E|CS|TAMS 0x0000000088700000| PB 0x0000000088700000| Complete 
|  92|0x0000000088800000, 0x0000000088900000, 0x0000000088900000|100%| E|CS|TAMS 0x0000000088800000| PB 0x0000000088800000| Complete 
|  93|0x0000000088900000, 0x0000000088a00000, 0x0000000088a00000|100%| E|CS|TAMS 0x0000000088900000| PB 0x0000000088900000| Complete 
|  94|0x0000000088a00000, 0x0000000088b00000, 0x0000000088b00000|100%| E|CS|TAMS 0x0000000088a00000| PB 0x0000000088a00000| Complete 
|  95|0x0000000088b00000, 0x0000000088c00000, 0x0000000088c00000|100%| E|CS|TAMS 0x0000000088b00000| PB 0x0000000088b00000| Complete 
|  96|0x0000000088c00000, 0x0000000088d00000, 0x0000000088d00000|100%| E|CS|TAMS 0x0000000088c00000| PB 0x0000000088c00000| Complete 
|  97|0x0000000088d00000, 0x0000000088e00000, 0x0000000088e00000|100%| E|CS|TAMS 0x0000000088d00000| PB 0x0000000088d00000| Complete 
|  98|0x0000000088e00000, 0x0000000088f00000, 0x0000000088f00000|100%| E|CS|TAMS 0x0000000088e00000| PB 0x0000000088e00000| Complete 
|  99|0x0000000088f00000, 0x0000000089000000, 0x0000000089000000|100%| E|CS|TAMS 0x0000000088f00000| PB 0x0000000088f00000| Complete 
| 100|0x0000000089000000, 0x0000000089100000, 0x0000000089100000|100%| E|CS|TAMS 0x0000000089000000| PB 0x0000000089000000| Complete 
| 101|0x0000000089100000, 0x0000000089200000, 0x0000000089200000|100%| E|CS|TAMS 0x0000000089100000| PB 0x0000000089100000| Complete 
| 102|0x0000000089200000, 0x0000000089300000, 0x0000000089300000|100%| E|CS|TAMS 0x0000000089200000| PB 0x0000000089200000| Complete 
| 103|0x0000000089300000, 0x0000000089400000, 0x0000000089400000|100%| E|CS|TAMS 0x0000000089300000| PB 0x0000000089300000| Complete 
| 104|0x0000000089400000, 0x0000000089500000, 0x0000000089500000|100%| E|CS|TAMS 0x0000000089400000| PB 0x0000000089400000| Complete 
| 105|0x0000000089500000, 0x0000000089600000, 0x0000000089600000|100%| E|CS|TAMS 0x0000000089500000| PB 0x0000000089500000| Complete 
| 106|0x0000000089600000, 0x0000000089700000, 0x0000000089700000|100%| E|CS|TAMS 0x0000000089600000| PB 0x0000000089600000| Complete 
| 107|0x0000000089700000, 0x0000000089800000, 0x0000000089800000|100%| E|CS|TAMS 0x0000000089700000| PB 0x0000000089700000| Complete 
| 108|0x0000000089800000, 0x0000000089900000, 0x0000000089900000|100%| E|CS|TAMS 0x0000000089800000| PB 0x0000000089800000| Complete 
| 109|0x0000000089900000, 0x0000000089a00000, 0x0000000089a00000|100%| E|CS|TAMS 0x0000000089900000| PB 0x0000000089900000| Complete 
| 110|0x0000000089a00000, 0x0000000089b00000, 0x0000000089b00000|100%| E|CS|TAMS 0x0000000089a00000| PB 0x0000000089a00000| Complete 
| 111|0x0000000089b00000, 0x0000000089c00000, 0x0000000089c00000|100%| E|CS|TAMS 0x0000000089b00000| PB 0x0000000089b00000| Complete 
| 112|0x0000000089c00000, 0x0000000089d00000, 0x0000000089d00000|100%| E|CS|TAMS 0x0000000089c00000| PB 0x0000000089c00000| Complete 
| 113|0x0000000089d00000, 0x0000000089e00000, 0x0000000089e00000|100%| E|CS|TAMS 0x0000000089d00000| PB 0x0000000089d00000| Complete 
| 114|0x0000000089e00000, 0x0000000089f00000, 0x0000000089f00000|100%| E|CS|TAMS 0x0000000089e00000| PB 0x0000000089e00000| Complete 
| 115|0x0000000089f00000, 0x000000008a000000, 0x000000008a000000|100%| E|CS|TAMS 0x0000000089f00000| PB 0x0000000089f00000| Complete 
| 116|0x000000008a000000, 0x000000008a100000, 0x000000008a100000|100%| E|CS|TAMS 0x000000008a000000| PB 0x000000008a000000| Complete 
| 117|0x000000008a100000, 0x000000008a200000, 0x000000008a200000|100%| E|CS|TAMS 0x000000008a100000| PB 0x000000008a100000| Complete 
| 118|0x000000008a200000, 0x000000008a300000, 0x000000008a300000|100%| E|CS|TAMS 0x000000008a200000| PB 0x000000008a200000| Complete 
| 119|0x000000008a300000, 0x000000008a400000, 0x000000008a400000|100%| E|CS|TAMS 0x000000008a300000| PB 0x000000008a300000| Complete 
| 120|0x000000008a400000, 0x000000008a500000, 0x000000008a500000|100%| E|CS|TAMS 0x000000008a400000| PB 0x000000008a400000| Complete 
| 121|0x000000008a500000, 0x000000008a600000, 0x000000008a600000|100%| E|CS|TAMS 0x000000008a500000| PB 0x000000008a500000| Complete 
| 122|0x000000008a600000, 0x000000008a700000, 0x000000008a700000|100%| E|CS|TAMS 0x000000008a600000| PB 0x000000008a600000| Complete 
| 123|0x000000008a700000, 0x000000008a800000, 0x000000008a800000|100%| E|CS|TAMS 0x000000008a700000| PB 0x000000008a700000| Complete 
| 124|0x000000008a800000, 0x000000008a900000, 0x000000008a900000|100%| E|CS|TAMS 0x000000008a800000| PB 0x000000008a800000| Complete 
| 125|0x000000008a900000, 0x000000008aa00000, 0x000000008aa00000|100%| E|CS|TAMS 0x000000008a900000| PB 0x000000008a900000| Complete 

Card table byte_map: [0x00000127ae430000,0x00000127ae820000] _byte_map_base: 0x00000127ae01a000

Marking Bits: (CMBitMap*) 0x0000012794d9f720
 Bits: [0x00000127aec10000, 0x00000127b0b60000)

Polling page: 0x0000012794e10000

Metaspace:

Usage:
  Non-class:     14.53 MB used.
      Class:      2.00 MB used.
       Both:     16.53 MB used.

Virtual space:
  Non-class space:       64.00 MB reserved,      14.69 MB ( 23%) committed,  1 nodes.
      Class space:        1.00 GB reserved,       2.12 MB ( <1%) committed,  1 nodes.
             Both:        1.06 GB reserved,      16.81 MB (  2%) committed. 

Chunk freelists:
   Non-Class:  1.25 MB
       Class:  1.83 MB
        Both:  3.08 MB

MaxMetaspaceSize: unlimited
CompressedClassSpaceSize: 1.00 GB
Initial GC threshold: 21.00 MB
Current GC threshold: 21.00 MB
CDS: on
MetaspaceReclaimPolicy: balanced
 - commit_granule_bytes: 65536.
 - commit_granule_words: 8192.
 - virtual_space_node_default_size: 8388608.
 - enlarge_chunks_in_place: 1.
 - new_chunks_are_fully_committed: 0.
 - uncommit_free_chunks: 1.
 - use_allocation_guard: 0.


Internal statistics:

num_allocs_failed_limit: 0.
num_arena_births: 416.
num_arena_deaths: 0.
num_vsnodes_births: 2.
num_vsnodes_deaths: 0.
num_space_committed: 269.
num_space_uncommitted: 0.
num_chunks_returned_to_freelist: 0.
num_chunks_taken_from_freelist: 967.
num_chunk_merges: 0.
num_chunk_splits: 653.
num_chunks_enlarged: 457.
num_inconsistent_stats: 0.

CodeHeap 'non-profiled nmethods': size=120000Kb used=2420Kb max_used=2420Kb free=117580Kb
 bounds [0x00000127a60a0000, 0x00000127a6310000, 0x00000127ad5d0000]
CodeHeap 'profiled nmethods': size=120000Kb used=10588Kb max_used=10588Kb free=109411Kb
 bounds [0x000001279e5d0000, 0x000001279f030000, 0x00000127a5b00000]
CodeHeap 'non-nmethods': size=5760Kb used=1870Kb max_used=1953Kb free=3889Kb
 bounds [0x00000127a5b00000, 0x00000127a5d70000, 0x00000127a60a0000]
 total_blobs=5586 nmethods=4760 adapters=736
 compilation: enabled
              stopped_count=0, restarted_count=0
 full_count=0

Compilation events (20 events):
Event: 29.845 Thread 0x00000127b363db50 nmethod 4753 0x000001279f024b90 code [0x000001279f024d60, 0x000001279f025248]
Event: 31.420 Thread 0x00000127b363ca30 4754       4       com.sun.javafx.geom.transform.Translate2D::transform (48 bytes)
Event: 31.422 Thread 0x00000127b363ca30 nmethod 4754 0x00000127a62fb510 code [0x00000127a62fb680, 0x00000127a62fb768]
Event: 32.476 Thread 0x00000127b363db50 4755       3       javafx.scene.Node$15::invalidated (43 bytes)
Event: 32.478 Thread 0x00000127b363db50 nmethod 4755 0x000001279f025410 code [0x000001279f025660, 0x000001279f0260e8]
Event: 33.499 Thread 0x00000127b363db50 4756       3       com.sun.glass.ui.Window::handleWindowEvent (18 bytes)
Event: 33.499 Thread 0x00000127b363db50 nmethod 4756 0x000001279f026410 code [0x000001279f0265a0, 0x000001279f0267c8]
Event: 33.499 Thread 0x00000127b363db50 4757       3       com.sun.javafx.tk.quantum.GlassWindowEventHandler::handleWindowEvent (22 bytes)
Event: 33.499 Thread 0x00000127b363db50 nmethod 4757 0x000001279f026890 code [0x000001279f026a80, 0x000001279f027070]
Event: 38.845 Thread 0x00000127b363ca30 4758       4       com.sun.javafx.event.EventDispatchChainImpl::dispatchEvent (101 bytes)
Event: 38.849 Thread 0x00000127b363ca30 nmethod 4758 0x00000127a62fb810 code [0x00000127a62fb980, 0x00000127a62fbb28]
Event: 40.708 Thread 0x00000127b363ca30 4759       4       com.sun.javafx.event.BasicEventDispatcher::dispatchCapturingEvent (2 bytes)
Event: 40.708 Thread 0x00000127b363ca30 nmethod 4759 0x00000127a62fbc90 code [0x00000127a62fbe00, 0x00000127a62fbe88]
Event: 40.764 Thread 0x00000127b363ca30 4760       4       java.util.EnumMap$ValueIterator::next (50 bytes)
Event: 40.771 Thread 0x00000127b363ca30 nmethod 4760 0x00000127a62fbf90 code [0x00000127a62fc120, 0x00000127a62fc320]
Event: 86.428 Thread 0x00000127b363ca30 4761       4       com.sun.javafx.tk.quantum.QuantumToolkit::postPulse (133 bytes)
Event: 86.430 Thread 0x00000127b363ca30 nmethod 4761 0x00000127a62fc510 code [0x00000127a62fc6a0, 0x00000127a62fc860]
Event: 86.603 Thread 0x00000127b363ca30 4762       4       com.sun.javafx.tk.quantum.QuantumToolkit$$Lambda$82/0x000000080103c018::run (8 bytes)
Event: 86.605 Thread 0x00000127b363ca30 nmethod 4762 0x00000127a62fca90 code [0x00000127a62fcc20, 0x00000127a62fcdf8]
Event: 174.111 Thread 0x00000127b363db50 4763       3       java.lang.invoke.InnerClassLambdaMetafactory::<init> (258 bytes)

GC Heap History (4 events):
Event: 0.644 GC heap before
{Heap before GC invocations=0 (full 0):
 garbage-first heap   total 129024K, used 22528K [0x0000000082c00000, 0x0000000100000000)
  region size 1024K, 23 young (23552K), 0 survivors (0K)
 Metaspace       used 5581K, committed 5824K, reserved 1114112K
  class space    used 674K, committed 768K, reserved 1048576K
}
Event: 0.647 GC heap after
{Heap after GC invocations=1 (full 0):
 garbage-first heap   total 129024K, used 2773K [0x0000000082c00000, 0x0000000100000000)
  region size 1024K, 3 young (3072K), 3 survivors (3072K)
 Metaspace       used 5581K, committed 5824K, reserved 1114112K
  class space    used 674K, committed 768K, reserved 1048576K
}
Event: 3.928 GC heap before
{Heap before GC invocations=1 (full 0):
 garbage-first heap   total 129024K, used 40661K [0x0000000082c00000, 0x0000000100000000)
  region size 1024K, 37 young (37888K), 3 survivors (3072K)
 Metaspace       used 14485K, committed 14784K, reserved 1114112K
  class space    used 1859K, committed 1984K, reserved 1048576K
}
Event: 3.935 GC heap after
{Heap after GC invocations=2 (full 0):
 garbage-first heap   total 129024K, used 13731K [0x0000000082c00000, 0x0000000100000000)
  region size 1024K, 5 young (5120K), 5 survivors (5120K)
 Metaspace       used 14485K, committed 14784K, reserved 1114112K
  class space    used 1859K, committed 1984K, reserved 1048576K
}

Dll operation events (20 events):
Event: 0.412 Loaded shared library C:\Users\Admin\.openjfx\cache\17.0.2-ea\api-ms-win-crt-filesystem-l1-1-0.dll
Event: 0.414 Loaded shared library C:\Users\Admin\.openjfx\cache\17.0.2-ea\api-ms-win-crt-heap-l1-1-0.dll
Event: 0.416 Loaded shared library C:\Users\Admin\.openjfx\cache\17.0.2-ea\api-ms-win-crt-locale-l1-1-0.dll
Event: 0.419 Loaded shared library C:\Users\Admin\.openjfx\cache\17.0.2-ea\api-ms-win-crt-math-l1-1-0.dll
Event: 0.422 Loaded shared library C:\Users\Admin\.openjfx\cache\17.0.2-ea\api-ms-win-crt-multibyte-l1-1-0.dll
Event: 0.425 Loaded shared library C:\Users\Admin\.openjfx\cache\17.0.2-ea\api-ms-win-crt-private-l1-1-0.dll
Event: 0.428 Loaded shared library C:\Users\Admin\.openjfx\cache\17.0.2-ea\api-ms-win-crt-process-l1-1-0.dll
Event: 0.431 Loaded shared library C:\Users\Admin\.openjfx\cache\17.0.2-ea\api-ms-win-crt-runtime-l1-1-0.dll
Event: 0.433 Loaded shared library C:\Users\Admin\.openjfx\cache\17.0.2-ea\api-ms-win-crt-stdio-l1-1-0.dll
Event: 0.436 Loaded shared library C:\Users\Admin\.openjfx\cache\17.0.2-ea\api-ms-win-crt-string-l1-1-0.dll
Event: 0.439 Loaded shared library C:\Users\Admin\.openjfx\cache\17.0.2-ea\api-ms-win-crt-time-l1-1-0.dll
Event: 0.441 Loaded shared library C:\Users\Admin\.openjfx\cache\17.0.2-ea\api-ms-win-crt-utility-l1-1-0.dll
Event: 0.453 Loaded shared library C:\Users\Admin\.openjfx\cache\17.0.2-ea\ucrtbase.dll
Event: 0.457 Loaded shared library C:\Users\Admin\.openjfx\cache\17.0.2-ea\vcruntime140.dll
Event: 0.460 Loaded shared library C:\Users\Admin\.openjfx\cache\17.0.2-ea\vcruntime140_1.dll
Event: 0.467 Loaded shared library C:\Users\Admin\.openjfx\cache\17.0.2-ea\msvcp140.dll
Event: 0.505 Loaded shared library C:\Users\Admin\.openjfx\cache\17.0.2-ea\prism_d3d.dll
Event: 0.537 Loaded shared library C:\Users\Admin\.openjfx\cache\17.0.2-ea\glass.dll
Event: 0.624 Loaded shared library C:\Users\Admin\.jdks\openjdk-20.0.1\bin\jimage.dll
Event: 0.777 Loaded shared library C:\Users\Admin\.openjfx\cache\17.0.2-ea\javafx_font.dll

Deoptimization events (20 events):
Event: 22.014 Thread 0x00000127b3634680 Uncommon trap: trap_request=0xffffffbe fr.pc=0x00000127a625e688 relative=0x0000000000003a28
Event: 22.014 Thread 0x00000127b3634680 Uncommon trap: reason=profile_predicate action=maybe_recompile pc=0x00000127a625e688 method=javafx.scene.CssStyleHelper$CacheContainer.<init>(Ljavafx/scene/Node;Lcom/sun/javafx/css/StyleMap;I)V @ 164 c2
Event: 22.014 Thread 0x00000127b3634680 DEOPT PACKING pc=0x00000127a625e688 sp=0x0000000553bf10e0
Event: 22.014 Thread 0x00000127b3634680 DEOPT UNPACKING pc=0x00000127a5b69d22 sp=0x0000000553bf0fe0 mode 2
Event: 22.014 Thread 0x00000127b3634680 Uncommon trap: trap_request=0xffffffbe fr.pc=0x00000127a625e688 relative=0x0000000000003a28
Event: 22.014 Thread 0x00000127b3634680 Uncommon trap: reason=profile_predicate action=maybe_recompile pc=0x00000127a625e688 method=javafx.scene.CssStyleHelper$CacheContainer.<init>(Ljavafx/scene/Node;Lcom/sun/javafx/css/StyleMap;I)V @ 164 c2
Event: 22.014 Thread 0x00000127b3634680 DEOPT PACKING pc=0x00000127a625e688 sp=0x0000000553bf10e0
Event: 22.014 Thread 0x00000127b3634680 DEOPT UNPACKING pc=0x00000127a5b69d22 sp=0x0000000553bf0fe0 mode 2
Event: 22.014 Thread 0x00000127b3634680 Uncommon trap: trap_request=0xffffffbe fr.pc=0x00000127a625e688 relative=0x0000000000003a28
Event: 22.014 Thread 0x00000127b3634680 Uncommon trap: reason=profile_predicate action=maybe_recompile pc=0x00000127a625e688 method=javafx.scene.CssStyleHelper$CacheContainer.<init>(Ljavafx/scene/Node;Lcom/sun/javafx/css/StyleMap;I)V @ 164 c2
Event: 22.014 Thread 0x00000127b3634680 DEOPT PACKING pc=0x00000127a625e688 sp=0x0000000553bf10e0
Event: 22.014 Thread 0x00000127b3634680 DEOPT UNPACKING pc=0x00000127a5b69d22 sp=0x0000000553bf0fe0 mode 2
Event: 22.014 Thread 0x00000127b3634680 Uncommon trap: trap_request=0xffffffbe fr.pc=0x00000127a625e688 relative=0x0000000000003a28
Event: 22.014 Thread 0x00000127b3634680 Uncommon trap: reason=profile_predicate action=maybe_recompile pc=0x00000127a625e688 method=javafx.scene.CssStyleHelper$CacheContainer.<init>(Ljavafx/scene/Node;Lcom/sun/javafx/css/StyleMap;I)V @ 164 c2
Event: 22.014 Thread 0x00000127b3634680 DEOPT PACKING pc=0x00000127a625e688 sp=0x0000000553bf10e0
Event: 22.014 Thread 0x00000127b3634680 DEOPT UNPACKING pc=0x00000127a5b69d22 sp=0x0000000553bf0fe0 mode 2
Event: 22.014 Thread 0x00000127b3634680 Uncommon trap: trap_request=0xffffffbe fr.pc=0x00000127a6256d10 relative=0x00000000000011f0
Event: 22.014 Thread 0x00000127b3634680 Uncommon trap: reason=profile_predicate action=maybe_recompile pc=0x00000127a6256d10 method=javafx.scene.CssStyleHelper$CacheContainer.<init>(Ljavafx/scene/Node;Lcom/sun/javafx/css/StyleMap;I)V @ 164 c2
Event: 22.014 Thread 0x00000127b3634680 DEOPT PACKING pc=0x00000127a6256d10 sp=0x0000000553bf0d50
Event: 22.014 Thread 0x00000127b3634680 DEOPT UNPACKING pc=0x00000127a5b69d22 sp=0x0000000553bf0d08 mode 2

Classes loaded (20 events):
Event: 2.671 Loading class java/text/ChoiceFormat
Event: 2.671 Loading class java/text/ChoiceFormat done
Event: 2.671 Loading class java/text/FieldPosition$Delegate
Event: 2.671 Loading class java/text/FieldPosition$Delegate done
Event: 2.676 Loading class java/lang/StringIndexOutOfBoundsException
Event: 2.676 Loading class java/lang/StringIndexOutOfBoundsException done
Event: 20.164 Loading class java/lang/ArrayIndexOutOfBoundsException
Event: 20.164 Loading class java/lang/ArrayIndexOutOfBoundsException done
Event: 20.186 Loading class java/lang/FdLibm$Hypot
Event: 20.186 Loading class java/lang/FdLibm$Hypot done
Event: 20.186 Loading class java/lang/FdLibm
Event: 20.186 Loading class java/lang/FdLibm done
Event: 20.195 Loading class jdk/internal/ref/CleanerImpl$InnocuousThreadFactory
Event: 20.195 Loading class jdk/internal/ref/CleanerImpl$InnocuousThreadFactory done
Event: 20.198 Loading class sun/misc/Unsafe
Event: 20.198 Loading class sun/misc/Unsafe done
Event: 20.198 Loading class java/lang/invoke/DirectMethodHandle$StaticAccessor
Event: 20.198 Loading class java/lang/invoke/DirectMethodHandle$StaticAccessor done
Event: 174.109 Loading class jdk/internal/misc/Signal$1
Event: 174.110 Loading class jdk/internal/misc/Signal$1 done

Classes unloaded (0 events):
No events

Classes redefined (0 events):
No events

Internal exceptions (20 events):
Event: 2.511 Thread 0x00000127b3634680 Exception <a 'java/lang/NoSuchMethodError'{0x0000000088b659f8}: 'java.lang.Object java.lang.invoke.DirectMethodHandle$Holder.newInvokeSpecial(java.lang.Object, java.lang.Object, java.lang.Object, int, int, int, int, int)'> (0x0000000088b659f8) 
thrown [s\open\src\hotspot\share\interpreter\linkResolver.cpp, line 773]
Event: 2.512 Thread 0x00000127b3634680 Exception <a 'java/lang/NoSuchMethodError'{0x0000000088b6cd38}: 'java.lang.Object java.lang.invoke.Invokers$Holder.linkToTargetMethod(java.lang.Object, java.lang.Object, int, int, int, int, int, java.lang.Object)'> (0x0000000088b6cd38) 
thrown [s\open\src\hotspot\share\interpreter\linkResolver.cpp, line 773]
Event: 2.669 Thread 0x00000127b3634680 Exception <a 'java/io/FileNotFoundException'{0x0000000088afdae8}> (0x0000000088afdae8) 
thrown [s\open\src\hotspot\share\prims\jni.cpp, line 519]
Event: 2.677 Thread 0x00000127b3634680 Exception <a 'java/io/FileNotFoundException'{0x0000000088921368}> (0x0000000088921368) 
thrown [s\open\src\hotspot\share\prims\jni.cpp, line 519]
Event: 2.779 Thread 0x00000127b3634680 Implicit null exception at 0x00000127a611b6a0 to 0x00000127a611bac8
Event: 2.779 Thread 0x00000127b3634680 Implicit null exception at 0x00000127a60baee7 to 0x00000127a60bb112
Event: 2.780 Thread 0x00000127b3634680 Implicit null exception at 0x00000127a611c621 to 0x00000127a611ca24
Event: 2.780 Thread 0x00000127b3634680 Implicit null exception at 0x00000127a60c0a20 to 0x00000127a60c0bf8
Event: 3.943 Thread 0x00000127b3634680 Exception <a 'java/io/FileNotFoundException'{0x000000008a995130}> (0x000000008a995130) 
thrown [s\open\src\hotspot\share\prims\jni.cpp, line 519]
Event: 3.946 Thread 0x00000127b3634680 Exception <a 'java/io/FileNotFoundException'{0x000000008a9b79a8}> (0x000000008a9b79a8) 
thrown [s\open\src\hotspot\share\prims\jni.cpp, line 519]
Event: 4.883 Thread 0x00000127b3634680 Exception <a 'java/io/FileNotFoundException'{0x000000008a4b0f78}> (0x000000008a4b0f78) 
thrown [s\open\src\hotspot\share\prims\jni.cpp, line 519]
Event: 4.888 Thread 0x00000127b3634680 Exception <a 'java/io/FileNotFoundException'{0x000000008a4d51f8}> (0x000000008a4d51f8) 
thrown [s\open\src\hotspot\share\prims\jni.cpp, line 519]
Event: 15.561 Thread 0x00000127b3634680 Exception <a 'java/io/FileNotFoundException'{0x0000000089e897a0}> (0x0000000089e897a0) 
thrown [s\open\src\hotspot\share\prims\jni.cpp, line 519]
Event: 15.565 Thread 0x00000127b3634680 Exception <a 'java/io/FileNotFoundException'{0x0000000089eaff40}> (0x0000000089eaff40) 
thrown [s\open\src\hotspot\share\prims\jni.cpp, line 519]
Event: 18.569 Thread 0x00000127b3634680 Exception <a 'java/io/FileNotFoundException'{0x000000008957c7e0}> (0x000000008957c7e0) 
thrown [s\open\src\hotspot\share\prims\jni.cpp, line 519]
Event: 18.573 Thread 0x00000127b3634680 Exception <a 'java/io/FileNotFoundException'{0x0000000089599010}> (0x0000000089599010) 
thrown [s\open\src\hotspot\share\prims\jni.cpp, line 519]
Event: 20.157 Thread 0x00000127b3634680 Implicit null exception at 0x00000127a61fc993 to 0x00000127a61fcde4
Event: 20.158 Thread 0x00000127b3634680 Implicit null exception at 0x00000127a61f4233 to 0x00000127a61f4564
Event: 20.186 Thread 0x00000127b3633690 Exception <a 'java/lang/NoSuchMethodError'{0x00000000888855e8}: 'java.lang.Object java.lang.invoke.DirectMethodHandle$Holder.invokeStaticInit(java.lang.Object, int)'> (0x00000000888855e8) 
thrown [s\open\src\hotspot\share\interpreter\linkResolver.cpp, line 773]
Event: 22.013 Thread 0x00000127b3634680 Exception <a 'java/io/FileNotFoundException'{0x00000000885b5070}> (0x00000000885b5070) 
thrown [s\open\src\hotspot\share\prims\jni.cpp, line 519]

VM Operations (20 events):
Event: 20.160 Executing VM operation: HandshakeAllThreads done
Event: 21.159 Executing VM operation: Cleanup
Event: 21.160 Executing VM operation: Cleanup done
Event: 22.160 Executing VM operation: Cleanup
Event: 22.161 Executing VM operation: Cleanup done
Event: 23.161 Executing VM operation: Cleanup
Event: 23.161 Executing VM operation: Cleanup done
Event: 24.161 Executing VM operation: Cleanup
Event: 24.162 Executing VM operation: Cleanup done
Event: 26.163 Executing VM operation: Cleanup
Event: 26.163 Executing VM operation: Cleanup done
Event: 27.163 Executing VM operation: Cleanup
Event: 27.163 Executing VM operation: Cleanup done
Event: 28.164 Executing VM operation: Cleanup
Event: 28.164 Executing VM operation: Cleanup done
Event: 29.164 Executing VM operation: Cleanup
Event: 29.164 Executing VM operation: Cleanup done
Event: 40.169 Executing VM operation: Cleanup
Event: 40.169 Executing VM operation: Cleanup done
Event: 174.112 Executing VM operation: Exit

Events (20 events):
Event: 18.580 Thread 0x00000127b8344e00 Thread added: 0x00000127b8344e00
Event: 19.250 Thread 0x00000127b8344e00 Thread exited: 0x00000127b8344e00
Event: 19.370 Thread 0x00000127bdfb12d0 Thread exited: 0x00000127bdfb12d0
Event: 20.195 Thread 0x00000127b90bd6b0 Thread added: 0x00000127b90bd6b0
Event: 20.232 Thread 0x00000127b82b2790 Thread added: 0x00000127b82b2790
Event: 20.314 Thread 0x00000127be7ef660 Thread added: 0x00000127be7ef660
Event: 20.475 Thread 0x00000127be7ef660 Thread exited: 0x00000127be7ef660
Event: 20.547 Thread 0x00000127b82b2790 Thread exited: 0x00000127b82b2790
Event: 22.015 Thread 0x00000127b8112d00 Thread added: 0x00000127b8112d00
Event: 22.028 Thread 0x00000127b89325e0 Thread added: 0x00000127b89325e0
Event: 22.859 Thread 0x00000127b89325e0 Thread exited: 0x00000127b89325e0
Event: 22.868 Thread 0x00000127b8112d00 Thread exited: 0x00000127b8112d00
Event: 26.668 Thread 0x00000127b8c86920 Thread added: 0x00000127b8c86920
Event: 27.468 Thread 0x00000127b8c86920 Thread exited: 0x00000127b8c86920
Event: 174.110 Thread 0x00000127b90bdc00 Thread added: 0x00000127b90bdc00
Event: 174.110 Thread 0x00000127b90be150 Thread added: 0x00000127b90be150
Event: 174.110 Thread 0x00000127b90bbc20 Thread added: 0x00000127b90bbc20
Event: 174.111 Thread 0x00000127b90be150 Thread exited: 0x00000127b90be150
Event: 174.111 Thread 0x00000127b90bbc20 Thread exited: 0x00000127b90bbc20
Event: 174.112 Thread 0x00000127b3625a00 Thread exited: 0x00000127b3625a00


Dynamic libraries:
0x00007ff73ad20000 - 0x00007ff73ad2e000 	C:\Users\Admin\.jdks\openjdk-20.0.1\bin\java.exe
0x00007fffb5130000 - 0x00007fffb5328000 	C:\Windows\SYSTEM32\ntdll.dll
0x00007fffb4260000 - 0x00007fffb431d000 	C:\Windows\System32\KERNEL32.DLL
0x00007fffb2d40000 - 0x00007fffb3036000 	C:\Windows\System32\KERNELBASE.dll
0x00007fffb2b80000 - 0x00007fffb2c80000 	C:\Windows\System32\ucrtbase.dll
0x00007fff8c1b0000 - 0x00007fff8c1c7000 	C:\Users\Admin\.jdks\openjdk-20.0.1\bin\jli.dll
0x00007fff8c190000 - 0x00007fff8c1ab000 	C:\Users\Admin\.jdks\openjdk-20.0.1\bin\VCRUNTIME140.dll
0x00007fffb4f50000 - 0x00007fffb50ee000 	C:\Windows\System32\USER32.dll
0x00007fffb28a0000 - 0x00007fffb28c2000 	C:\Windows\System32\win32u.dll
0x00007fffb4dc0000 - 0x00007fffb4dec000 	C:\Windows\System32\GDI32.dll
0x00007fff99ef0000 - 0x00007fff9a18a000 	C:\Windows\WinSxS\amd64_microsoft.windows.common-controls_6595b64144ccf1df_6.0.19041.3636_none_60b6a03d71f818d5\COMCTL32.dll
0x00007fffb3070000 - 0x00007fffb318a000 	C:\Windows\System32\gdi32full.dll
0x00007fffb28d0000 - 0x00007fffb296d000 	C:\Windows\System32\msvcp_win.dll
0x00007fffb3b40000 - 0x00007fffb3bde000 	C:\Windows\System32\msvcrt.dll
0x00007fffb4080000 - 0x00007fffb40b0000 	C:\Windows\System32\IMM32.DLL
0x00007fffa6b40000 - 0x00007fffa6b4c000 	C:\Users\Admin\.jdks\openjdk-20.0.1\bin\vcruntime140_1.dll
0x00007fff8c100000 - 0x00007fff8c18e000 	C:\Users\Admin\.jdks\openjdk-20.0.1\bin\msvcp140.dll
0x00007fff361a0000 - 0x00007fff36e37000 	C:\Users\Admin\.jdks\openjdk-20.0.1\bin\server\jvm.dll
0x00007fffb43d0000 - 0x00007fffb447f000 	C:\Windows\System32\ADVAPI32.dll
0x00007fffb3aa0000 - 0x00007fffb3b3c000 	C:\Windows\System32\sechost.dll
0x00007fffb40b0000 - 0x00007fffb41d6000 	C:\Windows\System32\RPCRT4.dll
0x00007fffaa360000 - 0x00007fffaa369000 	C:\Windows\SYSTEM32\WSOCK32.dll
0x00007fff956b0000 - 0x00007fff956d7000 	C:\Windows\SYSTEM32\WINMM.dll
0x00007fffaba50000 - 0x00007fffaba5a000 	C:\Windows\SYSTEM32\VERSION.dll
0x00007fffb4d50000 - 0x00007fffb4dbb000 	C:\Windows\System32\WS2_32.dll
0x00007fffb08b0000 - 0x00007fffb08c2000 	C:\Windows\SYSTEM32\kernel.appcore.dll
0x00007fff8c0f0000 - 0x00007fff8c0fa000 	C:\Users\Admin\.jdks\openjdk-20.0.1\bin\jimage.dll
0x00007fffb0420000 - 0x00007fffb0604000 	C:\Windows\SYSTEM32\DBGHELP.DLL
0x00007fff9a9e0000 - 0x00007fff9aa14000 	C:\Windows\SYSTEM32\dbgcore.DLL
0x00007fffb2810000 - 0x00007fffb2892000 	C:\Windows\System32\bcryptPrimitives.dll
0x00007fffaf9b0000 - 0x00007fffaf9be000 	C:\Users\Admin\.jdks\openjdk-20.0.1\bin\instrument.dll
0x00007fff8c0c0000 - 0x00007fff8c0e6000 	C:\Users\Admin\.jdks\openjdk-20.0.1\bin\java.dll
0x00007fff3c7a0000 - 0x00007fff3c877000 	C:\Users\Admin\.jdks\openjdk-20.0.1\bin\jsvml.dll
0x00007fffb4480000 - 0x00007fffb4bc4000 	C:\Windows\System32\SHELL32.dll
0x00007fffb08d0000 - 0x00007fffb106b000 	C:\Windows\SYSTEM32\windows.storage.dll
0x00007fffb3740000 - 0x00007fffb3a94000 	C:\Windows\System32\combase.dll
0x00007fffb2250000 - 0x00007fffb227d000 	C:\Windows\SYSTEM32\Wldp.dll
0x00007fffb4320000 - 0x00007fffb43cd000 	C:\Windows\System32\SHCORE.dll
0x00007fffb4cf0000 - 0x00007fffb4d45000 	C:\Windows\System32\shlwapi.dll
0x00007fffb2740000 - 0x00007fffb2765000 	C:\Windows\SYSTEM32\profapi.dll
0x00007fff7c520000 - 0x00007fff7c533000 	C:\Users\Admin\.jdks\openjdk-20.0.1\bin\net.dll
0x00007fffa9690000 - 0x00007fffa979a000 	C:\Windows\SYSTEM32\WINHTTP.dll
0x00007fffb1fb0000 - 0x00007fffb201a000 	C:\Windows\system32\mswsock.dll
0x00007fff7c500000 - 0x00007fff7c516000 	C:\Users\Admin\.jdks\openjdk-20.0.1\bin\nio.dll
0x00007fff7c4e0000 - 0x00007fff7c4f8000 	C:\Users\Admin\.jdks\openjdk-20.0.1\bin\zip.dll
0x00007ffface30000 - 0x00007ffface4a000 	C:\Program Files\JetBrains\IntelliJ IDEA Community Edition 2022.2.3\bin\breakgen64.dll
0x00000127b37c0000 - 0x00000127b37c3000 	C:\Users\Admin\.openjfx\cache\17.0.2-ea\api-ms-win-core-console-l1-1-0.dll
0x00000127b37d0000 - 0x00000127b37d3000 	C:\Users\Admin\.openjfx\cache\17.0.2-ea\api-ms-win-core-console-l1-2-0.dll
0x00000127b37e0000 - 0x00000127b37e3000 	C:\Users\Admin\.openjfx\cache\17.0.2-ea\api-ms-win-core-datetime-l1-1-0.dll
0x00000127b37f0000 - 0x00000127b37f3000 	C:\Users\Admin\.openjfx\cache\17.0.2-ea\api-ms-win-core-debug-l1-1-0.dll
0x00000127b9520000 - 0x00000127b9523000 	C:\Users\Admin\.openjfx\cache\17.0.2-ea\api-ms-win-core-errorhandling-l1-1-0.dll
0x00000127b93d0000 - 0x00000127b93d4000 	C:\Users\Admin\.openjfx\cache\17.0.2-ea\api-ms-win-core-file-l1-1-0.dll
0x00000127b93e0000 - 0x00000127b93e3000 	C:\Users\Admin\.openjfx\cache\17.0.2-ea\api-ms-win-core-file-l1-2-0.dll
0x00000127b93f0000 - 0x00000127b93f3000 	C:\Users\Admin\.openjfx\cache\17.0.2-ea\api-ms-win-core-file-l2-1-0.dll
0x00000127b9400000 - 0x00000127b9403000 	C:\Users\Admin\.openjfx\cache\17.0.2-ea\api-ms-win-core-handle-l1-1-0.dll
0x00000127b9410000 - 0x00000127b9413000 	C:\Users\Admin\.openjfx\cache\17.0.2-ea\api-ms-win-core-heap-l1-1-0.dll
0x00000127b9420000 - 0x00000127b9423000 	C:\Users\Admin\.openjfx\cache\17.0.2-ea\api-ms-win-core-interlocked-l1-1-0.dll
0x00000127b9430000 - 0x00000127b9433000 	C:\Users\Admin\.openjfx\cache\17.0.2-ea\api-ms-win-core-libraryloader-l1-1-0.dll
0x00000127b9440000 - 0x00000127b9443000 	C:\Users\Admin\.openjfx\cache\17.0.2-ea\api-ms-win-core-localization-l1-2-0.dll
0x00000127b9450000 - 0x00000127b9453000 	C:\Users\Admin\.openjfx\cache\17.0.2-ea\api-ms-win-core-memory-l1-1-0.dll
0x00000127b9460000 - 0x00000127b9463000 	C:\Users\Admin\.openjfx\cache\17.0.2-ea\api-ms-win-core-namedpipe-l1-1-0.dll
0x00000127b9470000 - 0x00000127b9473000 	C:\Users\Admin\.openjfx\cache\17.0.2-ea\api-ms-win-core-processenvironment-l1-1-0.dll
0x00000127b9480000 - 0x00000127b9483000 	C:\Users\Admin\.openjfx\cache\17.0.2-ea\api-ms-win-core-processthreads-l1-1-0.dll
0x00000127b9490000 - 0x00000127b9493000 	C:\Users\Admin\.openjfx\cache\17.0.2-ea\api-ms-win-core-processthreads-l1-1-1.dll
0x00000127b94a0000 - 0x00000127b94a3000 	C:\Users\Admin\.openjfx\cache\17.0.2-ea\api-ms-win-core-profile-l1-1-0.dll
0x00000127b94b0000 - 0x00000127b94b3000 	C:\Users\Admin\.openjfx\cache\17.0.2-ea\api-ms-win-core-rtlsupport-l1-1-0.dll
0x00000127b94c0000 - 0x00000127b94c3000 	C:\Users\Admin\.openjfx\cache\17.0.2-ea\api-ms-win-core-string-l1-1-0.dll
0x00000127b94d0000 - 0x00000127b94d3000 	C:\Users\Admin\.openjfx\cache\17.0.2-ea\api-ms-win-core-synch-l1-1-0.dll
0x00000127b94e0000 - 0x00000127b94e3000 	C:\Users\Admin\.openjfx\cache\17.0.2-ea\api-ms-win-core-synch-l1-2-0.dll
0x00000127b94f0000 - 0x00000127b94f3000 	C:\Users\Admin\.openjfx\cache\17.0.2-ea\api-ms-win-core-sysinfo-l1-1-0.dll
0x00000127b9500000 - 0x00000127b9503000 	C:\Users\Admin\.openjfx\cache\17.0.2-ea\api-ms-win-core-timezone-l1-1-0.dll
0x00000127b9510000 - 0x00000127b9513000 	C:\Users\Admin\.openjfx\cache\17.0.2-ea\api-ms-win-core-util-l1-1-0.dll
0x00000127b98b0000 - 0x00000127b98b3000 	C:\Users\Admin\.openjfx\cache\17.0.2-ea\api-ms-win-crt-conio-l1-1-0.dll
0x00000127b98c0000 - 0x00000127b98c4000 	C:\Users\Admin\.openjfx\cache\17.0.2-ea\api-ms-win-crt-convert-l1-1-0.dll
0x00000127b98d0000 - 0x00000127b98d3000 	C:\Users\Admin\.openjfx\cache\17.0.2-ea\api-ms-win-crt-environment-l1-1-0.dll
0x00000127b98e0000 - 0x00000127b98e3000 	C:\Users\Admin\.openjfx\cache\17.0.2-ea\api-ms-win-crt-filesystem-l1-1-0.dll
0x00000127b98f0000 - 0x00000127b98f3000 	C:\Users\Admin\.openjfx\cache\17.0.2-ea\api-ms-win-crt-heap-l1-1-0.dll
0x00000127b9530000 - 0x00000127b9533000 	C:\Users\Admin\.openjfx\cache\17.0.2-ea\api-ms-win-crt-locale-l1-1-0.dll
0x00000127b9540000 - 0x00000127b9545000 	C:\Users\Admin\.openjfx\cache\17.0.2-ea\api-ms-win-crt-math-l1-1-0.dll
0x00000127b9550000 - 0x00000127b9555000 	C:\Users\Admin\.openjfx\cache\17.0.2-ea\api-ms-win-crt-multibyte-l1-1-0.dll
0x00000127b9560000 - 0x00000127b9570000 	C:\Users\Admin\.openjfx\cache\17.0.2-ea\api-ms-win-crt-private-l1-1-0.dll
0x00000127b9570000 - 0x00000127b9573000 	C:\Users\Admin\.openjfx\cache\17.0.2-ea\api-ms-win-crt-process-l1-1-0.dll
0x00000127b9580000 - 0x00000127b9584000 	C:\Users\Admin\.openjfx\cache\17.0.2-ea\api-ms-win-crt-runtime-l1-1-0.dll
0x00000127b9590000 - 0x00000127b9594000 	C:\Users\Admin\.openjfx\cache\17.0.2-ea\api-ms-win-crt-stdio-l1-1-0.dll
0x00000127b95a0000 - 0x00000127b95a4000 	C:\Users\Admin\.openjfx\cache\17.0.2-ea\api-ms-win-crt-string-l1-1-0.dll
0x00000127b95b0000 - 0x00000127b95b3000 	C:\Users\Admin\.openjfx\cache\17.0.2-ea\api-ms-win-crt-time-l1-1-0.dll
0x00000127b95c0000 - 0x00000127b95c3000 	C:\Users\Admin\.openjfx\cache\17.0.2-ea\api-ms-win-crt-utility-l1-1-0.dll
0x00007fff79780000 - 0x00007fff7987c000 	C:\Users\Admin\.openjfx\cache\17.0.2-ea\ucrtbase.dll
0x00007fffaa9d0000 - 0x00007fffaa9ea000 	C:\Users\Admin\.openjfx\cache\17.0.2-ea\vcruntime140.dll
0x00007fffac6f0000 - 0x00007fffac6fc000 	C:\Users\Admin\.openjfx\cache\17.0.2-ea\vcruntime140_1.dll
0x00007fff9d2a0000 - 0x00007fff9d32d000 	C:\Users\Admin\.openjfx\cache\17.0.2-ea\msvcp140.dll
0x00007fff9d270000 - 0x00007fff9d29a000 	C:\Users\Admin\.openjfx\cache\17.0.2-ea\prism_d3d.dll
0x00007fff9c680000 - 0x00007fff9c84d000 	C:\Windows\system32\d3d9.dll
0x00007fffb0020000 - 0x00007fffb004f000 	C:\Windows\SYSTEM32\dwmapi.dll
0x00007fffafdb0000 - 0x00007fffafe4e000 	C:\Windows\system32\uxtheme.dll
0x00007fff7e720000 - 0x00007fff7e885000 	C:\Windows\System32\DriverStore\FileRepository\iigd_dch.inf_amd64_6ce565ec54103c62\igdumdim64.dll
0x00007fffb3e20000 - 0x00007fffb3f4b000 	C:\Windows\System32\ole32.dll
0x00007fff2ee40000 - 0x00007fff3363d000 	C:\Windows\System32\DriverStore\FileRepository\iigd_dch.inf_amd64_6ce565ec54103c62\igd9dxva64.dll
0x00007fffb3600000 - 0x00007fffb36cd000 	C:\Windows\System32\OLEAUT32.dll
0x00007fffb3190000 - 0x00007fffb35fe000 	C:\Windows\System32\SETUPAPI.dll
0x00007fffb2cf0000 - 0x00007fffb2d3e000 	C:\Windows\System32\cfgmgr32.dll
0x00007fffb3040000 - 0x00007fffb3067000 	C:\Windows\System32\bcrypt.dll
0x00007fffa29f0000 - 0x00007fffa2c47000 	C:\Windows\System32\DriverStore\FileRepository\iigd_dch.inf_amd64_6ce565ec54103c62\igdgmm64.dll
0x00007fff99250000 - 0x00007fff99292000 	C:\Users\Admin\.openjfx\cache\17.0.2-ea\glass.dll
0x00007fffb4e70000 - 0x00007fffb4f4a000 	C:\Windows\System32\COMDLG32.dll
0x00007fffb4bd0000 - 0x00007fffb4ce4000 	C:\Windows\System32\MSCTF.dll
0x00007fff760e0000 - 0x00007fff76107000 	C:\Windows\System32\DriverStore\FileRepository\iigd_dch.inf_amd64_6ce565ec54103c62\igdinfo64.dll
0x00007fff9fd80000 - 0x00007fffa2999000 	C:\Windows\System32\DriverStore\FileRepository\iigd_dch.inf_amd64_6ce565ec54103c62\igc64.dll
0x00007fffa54b0000 - 0x00007fffa54eb000 	C:\Windows\SYSTEM32\dxcore.dll
0x00007fffaa3e0000 - 0x00007fffaa3f4000 	C:\Users\Admin\.openjfx\cache\17.0.2-ea\javafx_font.dll
0x00007fff977a0000 - 0x00007fff97a1f000 	C:\Windows\SYSTEM32\dwrite.dll
0x00007fffb3fd0000 - 0x00007fffb4079000 	C:\Windows\System32\clbcatq.dll
0x00007fffa98a0000 - 0x00007fffa9a54000 	C:\Windows\SYSTEM32\WindowsCodecs.dll
0x00007fffab880000 - 0x00007fffab8be000 	C:\Windows\system32\dataexchange.dll
0x00007fffae8c0000 - 0x00007fffaeaa3000 	C:\Windows\system32\dcomp.dll
0x00007fffad9c0000 - 0x00007fffadc23000 	C:\Windows\system32\d3d11.dll
0x00007fffb10d0000 - 0x00007fffb11c3000 	C:\Windows\system32\dxgi.dll
0x00007fffaa600000 - 0x00007fffaa807000 	C:\Windows\system32\twinapi.appcore.dll
0x00007fff844d0000 - 0x00007fff84504000 	C:\Program Files\Common Files\Microsoft Shared\Ink\rtscom.dll
0x00007fff9d650000 - 0x00007fff9d74a000 	C:\Windows\SYSTEM32\textinputframework.dll
0x00007fffaf3c0000 - 0x00007fffaf4b2000 	C:\Windows\System32\CoreMessaging.dll
0x00007fffaf020000 - 0x00007fffaf37b000 	C:\Windows\System32\CoreUIComponents.dll
0x00007fffb19b0000 - 0x00007fffb19e3000 	C:\Windows\SYSTEM32\ntmarta.dll
0x00007fffae600000 - 0x00007fffae755000 	C:\Windows\SYSTEM32\wintypes.dll

dbghelp: loaded successfully - version: 4.0.5 - missing functions: none
symbol engine: initialized successfully - sym options: 0x614 - pdb path: .;C:\Users\Admin\.jdks\openjdk-20.0.1\bin;C:\Windows\SYSTEM32;C:\Windows\WinSxS\amd64_microsoft.windows.common-controls_6595b64144ccf1df_6.0.19041.3636_none_60b6a03d71f818d5;C:\Users\Admin\.jdks\openjdk-20.0.1\bin\server;C:\Program Files\JetBrains\IntelliJ IDEA Community Edition 2022.2.3\bin;C:\Users\Admin\.openjfx\cache\17.0.2-ea;C:\Windows\System32\DriverStore\FileRepository\iigd_dch.inf_amd64_6ce565ec54103c62;C:\Program Files\Common Files\Microsoft Shared\Ink

VM Arguments:
jvm_args: -javaagent:C:\Program Files\JetBrains\IntelliJ IDEA Community Edition 2022.2.3\lib\idea_rt.jar=52887:C:\Program Files\JetBrains\IntelliJ IDEA Community Edition 2022.2.3\bin -Dfile.encoding=UTF-8 -Dsun.stdout.encoding=UTF-8 -Dsun.stderr.encoding=UTF-8 --module-path=C:\Users\Admin\.m2\repository\org\openjfx\javafx-fxml\17.0.2\javafx-fxml-17.0.2-win.jar;C:\Users\Admin\.m2\repository\org\openjfx\javafx-graphics\17.0.2\javafx-graphics-17.0.2-win.jar;C:\Users\Admin\.m2\repository\org\controlsfx\controlsfx\11.1.1\controlsfx-11.1.1.jar;C:\Users\Admin\.m2\repository\org\kordamp\bootstrapfx\bootstrapfx-core\0.4.0\bootstrapfx-core-0.4.0.jar;C:\Users\Admin\.m2\repository\org\openjfx\javafx-controls\17.0.2\javafx-controls-17.0.2-win.jar;C:\Projects\Adzennik\target\classes;C:\Users\Admin\.m2\repository\com\dlsc\formsfx\formsfx-core\11.5.0\formsfx-core-11.5.0.jar;C:\Users\Admin\.m2\repository\org\openjfx\javafx-base\17.0.2\javafx-base-17.0.2-win.jar -Djdk.module.main=start.adzennik 
java_command: start.adzennik/start.adzennik.HelloApplication
java_class_path (initial): C:\Users\Admin\.m2\repository\org\openjfx\javafx-controls\17.0.2\javafx-controls-17.0.2.jar;C:\Users\Admin\.m2\repository\org\openjfx\javafx-graphics\17.0.2\javafx-graphics-17.0.2.jar;C:\Users\Admin\.m2\repository\org\openjfx\javafx-base\17.0.2\javafx-base-17.0.2.jar;C:\Users\Admin\.m2\repository\org\openjfx\javafx-fxml\17.0.2\javafx-fxml-17.0.2.jar
Launcher Type: SUN_STANDARD

[Global flags]
     intx CICompilerCount                          = 4                                         {product} {ergonomic}
     uint ConcGCThreads                            = 2                                         {product} {ergonomic}
     uint G1ConcRefinementThreads                  = 8                                         {product} {ergonomic}
   size_t G1HeapRegionSize                         = 1048576                                   {product} {ergonomic}
    uintx GCDrainStackTargetSize                   = 64                                        {product} {ergonomic}
   size_t InitialHeapSize                          = 132120576                                 {product} {ergonomic}
   size_t MarkStackSize                            = 4194304                                   {product} {ergonomic}
   size_t MaxHeapSize                              = 2101346304                                {product} {ergonomic}
   size_t MaxNewSize                               = 1260388352                                {product} {ergonomic}
   size_t MinHeapDeltaBytes                        = 1048576                                   {product} {ergonomic}
   size_t MinHeapSize                              = 8388608                                   {product} {ergonomic}
    uintx NonNMethodCodeHeapSize                   = 5839372                                {pd product} {ergonomic}
    uintx NonProfiledCodeHeapSize                  = 122909434                              {pd product} {ergonomic}
    uintx ProfiledCodeHeapSize                     = 122909434                              {pd product} {ergonomic}
    uintx ReservedCodeCacheSize                    = 251658240                              {pd product} {ergonomic}
     bool SegmentedCodeCache                       = true                                      {product} {ergonomic}
   size_t SoftMaxHeapSize                          = 2101346304                             {manageable} {ergonomic}
     bool UseCompressedClassPointers               = true                           {product lp64_product} {ergonomic}
     bool UseCompressedOops                        = true                           {product lp64_product} {ergonomic}
     bool UseG1GC                                  = true                                      {product} {ergonomic}
     bool UseLargePagesIndividualAllocation        = false                                  {pd product} {ergonomic}

Logging:
Log output configuration:
 #0: stdout all=off uptime,level,tags foldmultilines=false
 #1: stderr all=off uptime,level,tags foldmultilines=false

Environment Variables:
PATH=C:\Program Files (x86)\Common Files\Intel\Shared Libraries\redist\intel64\compiler;C:\Windows\system32;C:\Windows;C:\Windows\System32\Wbem;C:\Windows\System32\WindowsPowerShell\v1.0\;C:\Windows\System32\OpenSSH\;C:\Program Files\dotnet\;C:\Program Files\nodejs\;C:\Program Files (x86)\Yarn\bin\;C:\Users\Admin\AppData\Local\Programs\Python\Python310\Scripts\;C:\Users\Admin\AppData\Local\Programs\Python\Python310\;C:\Users\Admin\AppData\Local\Microsoft\WindowsApps;;C:\Users\Admin\AppData\Local\Programs\Microsoft VS Code\bin;C:\Users\Admin\.dotnet\tools;C:\Program Files\JetBrains\PyCharm Community Edition 2023.1.2\bin;;C:\Program Files\JetBrains\IntelliJ IDEA Community Edition 2022.2.3\bin;
USERNAME=Admin
OS=Windows_NT
PROCESSOR_IDENTIFIER=Intel64 Family 6 Model 142 Stepping 12, GenuineIntel
TMP=C:\Users\Admin\AppData\Local\Temp
TEMP=C:\Users\Admin\AppData\Local\Temp




---------------  S Y S T E M  ---------------

OS:
 Windows 10 , 64 bit Build 19041 (10.0.19041.3636)
OS uptime: 8 days 3:21 hours

CPU: total 8 (initial active 8) (4 cores per cpu, 2 threads per core) family 6 model 142 stepping 12 microcode 0xec, cx8, cmov, fxsr, ht, mmx, 3dnowpref, sse, sse2, sse3, ssse3, sse4.1, sse4.2, popcnt, lzcnt, tsc, tscinvbit, avx, avx2, aes, erms, clmul, bmi1, bmi2, adx, fma, vzeroupper, clflush, clflushopt, rdtscp, f16c

Memory: 4k page, system-wide physical 8014M (809M free)
TotalPageFile size 11720M (AvailPageFile size 1901M)
current process WorkingSet (physical memory assigned to process): 195M, peak: 235M
current process commit charge ("private bytes"): 308M, peak: 346M

vm_info: OpenJDK 64-Bit Server VM (20.0.1+9-29) for windows-amd64 JRE (20.0.1+9-29), built on 2023-03-07T13:56:11Z by "mach5one" with MS VC++ 17.1 (VS2022)

END.
